Build started 2015-07-05 7:01:40 PM.
     1>Project "C:\Users\Govind\documents\visual studio 2013\Projects\KinLib\KinLib\KinLib.vcxproj" on node 2 (Rebuild target(s)).
     1>_MASM:
         Assembling fsign.asm...
         cmd.exe /C "C:\Users\Govind\AppData\Local\Temp\tmp14805f8f545d4dc7baf7a37df65806b2.cmd"
         ml.exe /c /nologo /Zi /Fo"Release\fsign.obj" /W3 /errorReport:prompt  /Tafsign.asm
       ClCompile:
         C:\Program Files (x86)\Microsoft Visual Studio 12.0\VC\bin\CL.exe /c /Zi /nologo /W3 /WX- /sdl /O2 /Oi /Oy- /GL /D WIN32 /D NDEBUG /D _WINDOWS /D _USRDLL /D KINLIB_EXPORTS /D _WINDLL /D _UNICODE /D UNICODE /Gm- /EHsc /MD /GS /Gy /fp:precise /Zc:wchar_t /Zc:forScope /Fo"Release\\" /Fd"Release\vc120.pdb" /Gd /TC /analyze- /errorReport:prompt degtrig.c genvec.c perpvec.c pobject.c
         degtrig.c
         genvec.c
         perpvec.c
         pobject.c
       Link:
         C:\Program Files (x86)\Microsoft Visual Studio 12.0\VC\bin\link.exe /ERRORREPORT:PROMPT /OUT:"C:\Users\Govind\documents\visual studio 2013\Projects\KinLib\Release\KinLib.dll" /INCREMENTAL:NO /NOLOGO kernel32.lib user32.lib gdi32.lib winspool.lib comdlg32.lib advapi32.lib shell32.lib ole32.lib oleaut32.lib uuid.lib odbc32.lib odbccp32.lib /DEF:"KinLib.def" /MANIFEST /MANIFESTUAC:"level='asInvoker' uiAccess='false'" /manifest:embed /DEBUG /PDB:"C:\Users\Govind\documents\visual studio 2013\Projects\KinLib\Release\KinLib.pdb" /SUBSYSTEM:WINDOWS /OPT:REF /OPT:ICF /LTCG /TLBID:1 /DYNAMICBASE /NXCOMPAT /IMPLIB:"C:\Users\Govind\documents\visual studio 2013\Projects\KinLib\Release\KinLib.lib" /MACHINE:X86 /SAFESEH:NO /DLL Release\degtrig.obj
         Release\genvec.obj
         Release\perpvec.obj
         Release\pobject.obj
         Release\fsign.obj
            Creating library C:\Users\Govind\documents\visual studio 2013\Projects\KinLib\Release\KinLib.lib and object C:\Users\Govind\documents\visual studio 2013\Projects\KinLib\Release\KinLib.exp
         Generating code
         Finished generating code
         KinLib.vcxproj -> C:\Users\Govind\documents\visual studio 2013\Projects\KinLib\Release\KinLib.dll
     1>Done Building Project "C:\Users\Govind\documents\visual studio 2013\Projects\KinLib\KinLib\KinLib.vcxproj" (Rebuild target(s)).

Build succeeded.

Time Elapsed 00:00:01.35
