Build started 2015-07-05 6:57:20 PM.
     1>Project "C:\Users\Govind\documents\visual studio 2013\Projects\KinLib\KinLib\KinLib.vcxproj" on node 2 (Rebuild target(s)).
     1>_MASM:
         Assembling fsign.asm...
         cmd.exe /C "C:\Users\Govind\AppData\Local\Temp\tmpb060d776533749b6a4981db3fc51d827.cmd"
         ml.exe /c /nologo /Zi /Fo"Debug\fsign.obj" /W3 /errorReport:prompt  /Tafsign.asm
       ClCompile:
         C:\Program Files (x86)\Microsoft Visual Studio 12.0\VC\bin\CL.exe /c /ZI /nologo /W3 /WX- /sdl /Od /Oy- /D WIN32 /D _DEBUG /D _WINDOWS /D _USRDLL /D KINLIB_EXPORTS /D _WINDLL /D _UNICODE /D UNICODE /Gm /EHsc /RTC1 /MDd /GS /fp:precise /Zc:wchar_t /Zc:forScope /Fo"Debug\\" /Fd"Debug\vc120.pdb" /Gd /TC /analyze- /errorReport:prompt degtrig.c genvec.c perpvec.c pobject.c
         pobject.c
         perpvec.c
         genvec.c
     1>c:\users\govind\documents\visual studio 2013\projects\kinlib\kinlib\genvec.c(39): warning C4101: 'mbBuf' : unreferenced local variable
         degtrig.c
         Generating Code...
       Link:
         C:\Program Files (x86)\Microsoft Visual Studio 12.0\VC\bin\link.exe /ERRORREPORT:PROMPT /OUT:"C:\Users\Govind\documents\visual studio 2013\Projects\KinLib\Debug\KinLib.dll" /INCREMENTAL /NOLOGO kernel32.lib user32.lib gdi32.lib winspool.lib comdlg32.lib advapi32.lib shell32.lib ole32.lib oleaut32.lib uuid.lib odbc32.lib odbccp32.lib /DEF:"KinLib.def" /MANIFEST /MANIFESTUAC:"level='asInvoker' uiAccess='false'" /manifest:embed /DEBUG /PDB:"C:\Users\Govind\documents\visual studio 2013\Projects\KinLib\Debug\KinLib.pdb" /SUBSYSTEM:WINDOWS /TLBID:1 /DYNAMICBASE /NXCOMPAT /IMPLIB:"C:\Users\Govind\documents\visual studio 2013\Projects\KinLib\Debug\KinLib.lib" /MACHINE:X86 /DLL Debug\degtrig.obj
         Debug\genvec.obj
         Debug\perpvec.obj
         Debug\pobject.obj
         Debug\fsign.obj
            Creating library C:\Users\Govind\documents\visual studio 2013\Projects\KinLib\Debug\KinLib.lib and object C:\Users\Govind\documents\visual studio 2013\Projects\KinLib\Debug\KinLib.exp
         KinLib.vcxproj -> C:\Users\Govind\documents\visual studio 2013\Projects\KinLib\Debug\KinLib.dll
     1>Done Building Project "C:\Users\Govind\documents\visual studio 2013\Projects\KinLib\KinLib\KinLib.vcxproj" (Rebuild target(s)).

Build succeeded.

Time Elapsed 00:00:01.72
